[ 2015-04-13T12:41:53+08:00 ] 127.0.0.1 /index.php/Home/search/index/bid/1
ERR: 无法加载控制器:Search

[ 2015-04-13T12:41:56+08:00 ] 127.0.0.1 /index.php/Home/search/index/bid/4
ERR: 无法加载控制器:Search

[ 2015-04-13T12:51:41+08:00 ] 127.0.0.1 /index.php/Home/cart/header
INFO: [ app_begin ] --START--
INFO: Run Behavior\ReadHtmlCacheBehavior [ RunTime:0.001000s ]
INFO: [ app_begin ] --END-- [ RunTime:0.001000s ]
ERR: 无法加载控制器:Cart

[ 2015-04-13T12:51:45+08:00 ] 127.0.0.1 /index.php/Home/cart/header
INFO: [ app_begin ] --START--
INFO: Run Behavior\ReadHtmlCacheBehavior [ RunTime:0.000000s ]
INFO: [ app_begin ] --END-- [ RunTime:0.001000s ]
ERR: 无法加载控制器:Cart

[ 2015-04-13T12:51:45+08:00 ] 127.0.0.1 /index.php/Home/cart/header
INFO: [ app_begin ] --START--
INFO: Run Behavior\ReadHtmlCacheBehavior [ RunTime:0.000000s ]
INFO: [ app_begin ] --END-- [ RunTime:0.001000s ]
ERR: 无法加载控制器:Cart

[ 2015-04-13T12:51:46+08:00 ] 127.0.0.1 /index.php/Home/cart/header
INFO: [ app_begin ] --START--
INFO: Run Behavior\ReadHtmlCacheBehavior [ RunTime:0.000000s ]
INFO: [ app_begin ] --END-- [ RunTime:0.001000s ]
ERR: 无法加载控制器:Cart

[ 2015-04-13T12:51:46+08:00 ] 127.0.0.1 /index.php/Home/cart/header
INFO: [ app_begin ] --START--
INFO: Run Behavior\ReadHtmlCacheBehavior [ RunTime:0.000000s ]
INFO: [ app_begin ] --END-- [ RunTime:0.000000s ]
ERR: 无法加载控制器:Cart

[ 2015-04-13T12:53:36+08:00 ] 127.0.0.1 /index.php/Home/cart/header
INFO: [ app_begin ] --START--
INFO: Run Behavior\ReadHtmlCacheBehavior [ RunTime:0.000000s ]
INFO: [ app_begin ] --END-- [ RunTime:0.000000s ]
ERR: 无法加载控制器:Cart

[ 2015-04-13T12:53:39+08:00 ] 127.0.0.1 /index.php/Home/cart/header
INFO: [ app_begin ] --START--
INFO: Run Behavior\ReadHtmlCacheBehavior [ RunTime:0.001001s ]
INFO: [ app_begin ] --END-- [ RunTime:0.001001s ]
ERR: 无法加载控制器:Cart

[ 2015-04-13T12:53:40+08:00 ] 127.0.0.1 /index.php/Home/cart/header
INFO: [ app_begin ] --START--
INFO: Run Behavior\ReadHtmlCacheBehavior [ RunTime:0.001000s ]
INFO: [ app_begin ] --END-- [ RunTime:0.001000s ]
ERR: 无法加载控制器:Cart

[ 2015-04-13T12:55:19+08:00 ] 127.0.0.1 /index.php/Home/cart/header
INFO: [ app_begin ] --START--
INFO: Run Behavior\ReadHtmlCacheBehavior [ RunTime:0.000000s ]
INFO: [ app_begin ] --END-- [ RunTime:0.000000s ]
ERR: 无法加载控制器:Cart

[ 2015-04-13T12:55:30+08:00 ] 127.0.0.1 /index.php/Home/cart/header
INFO: [ app_begin ] --START--
INFO: Run Behavior\ReadHtmlCacheBehavior [ RunTime:0.001000s ]
INFO: [ app_begin ] --END-- [ RunTime:0.001000s ]
ERR: 无法加载控制器:Cart

[ 2015-04-13T12:55:31+08:00 ] 127.0.0.1 /index.php/Home/cart/header
INFO: [ app_begin ] --START--
INFO: Run Behavior\ReadHtmlCacheBehavior [ RunTime:0.000000s ]
INFO: [ app_begin ] --END-- [ RunTime:0.001000s ]
ERR: 无法加载控制器:Cart

[ 2015-04-13T12:55:34+08:00 ] 127.0.0.1 /index.php/Home/cart/header
INFO: [ app_begin ] --START--
INFO: Run Behavior\ReadHtmlCacheBehavior [ RunTime:0.001000s ]
INFO: [ app_begin ] --END-- [ RunTime:0.001000s ]
ERR: 无法加载控制器:Cart

[ 2015-04-13T12:55:53+08:00 ] 127.0.0.1 /index.php/Home/cart/header
INFO: [ app_begin ] --START--
INFO: Run Behavior\ReadHtmlCacheBehavior [ RunTime:0.000000s ]
INFO: [ app_begin ] --END-- [ RunTime:0.001000s ]
ERR: 无法加载控制器:Cart

[ 2015-04-13T13:00:12+08:00 ] 127.0.0.1 /index.php/goods/show
ERR: 模板不存在:./Appshop/Home/View/Goods/show.html

[ 2015-04-13T13:00:17+08:00 ] 127.0.0.1 /index.php
ERR: 模板不存在:./Appshop/Home/View/Index/index.html

[ 2015-04-13T13:00:42+08:00 ] 127.0.0.1 /index.php
ERR: 模板不存在:./Appshop/Home/View/Index/index.html

[ 2015-04-13T13:00:42+08:00 ] 127.0.0.1 /index.php
ERR: 模板不存在:./Appshop/Home/View/Index/index.html

